build/app/intermediates/manifest_merge_blame_file/release/manifest-merger-blame-release-report.txt
1<?xml version="1.0" encoding="utf-8"?>
2<manifest xmlns:android="http://schemas.android.com/apk/res/android"
3    package="com.julesndanga.Metanoia"
4    android:versionCode="1"
5    android:versionName="1.0.0" >
6
7    <uses-sdk
8        android:minSdkVersion="21"
8-->src\main\AndroidManifest.xml
9        android:targetSdkVersion="30" />
9-->src\main\AndroidManifest.xml
10
11    <uses-permission android:name="android.permission.INTERNET" />
11-->src\main\AndroidManifest.xml:38:6-67
11-->src\main\AndroidManifest.xml:38:23-65
12
13    <queries>
13-->[:flutter_tts] AndroidManifest.xml:9:5-13:15
14        <intent>
14-->[:flutter_tts] AndroidManifest.xml:10:9-12:18
15            <action android:name="android.intent.action.TTS_SERVICE" />
15-->[:flutter_tts] AndroidManifest.xml:11:13-72
15-->[:flutter_tts] AndroidManifest.xml:11:21-69
16        </intent>
17        <!-- For browser content -->
18        <intent>
18-->[com.google.android.gms:play-services-ads-lite:19.7.0] AndroidManifest.xml:30:9-36:18
19            <action android:name="android.intent.action.VIEW" />
19-->[com.google.android.gms:play-services-ads-lite:19.7.0] AndroidManifest.xml:31:13-65
19-->[com.google.android.gms:play-services-ads-lite:19.7.0] AndroidManifest.xml:31:21-62
20
21            <category android:name="android.intent.category.BROWSABLE" />
21-->[com.google.android.gms:play-services-ads-lite:19.7.0] AndroidManifest.xml:33:13-74
21-->[com.google.android.gms:play-services-ads-lite:19.7.0] AndroidManifest.xml:33:23-71
22
23            <data android:scheme="https" />
23-->[com.google.android.gms:play-services-ads-lite:19.7.0] AndroidManifest.xml:35:13-44
23-->[com.google.android.gms:play-services-ads-lite:19.7.0] AndroidManifest.xml:35:19-41
24        </intent> <!-- End of browser content -->
25        <!-- For CustomTabsService -->
26        <intent>
26-->[com.google.android.gms:play-services-ads-lite:19.7.0] AndroidManifest.xml:39:9-41:18
27            <action android:name="android.support.customtabs.action.CustomTabsService" />
27-->[com.google.android.gms:play-services-ads-lite:19.7.0] AndroidManifest.xml:40:13-90
27-->[com.google.android.gms:play-services-ads-lite:19.7.0] AndroidManifest.xml:40:21-87
28        </intent>
29    </queries>
30
31    <uses-permission android:name="android.permission.ACCESS_NETWORK_STATE" />
31-->[com.google.android.gms:play-services-ads-lite:19.7.0] AndroidManifest.xml:24:5-79
31-->[com.google.android.gms:play-services-ads-lite:19.7.0] AndroidManifest.xml:24:22-76
32    <uses-permission android:name="android.permission.WAKE_LOCK" />
32-->[com.google.android.gms:play-services-measurement-sdk-api:17.5.0] AndroidManifest.xml:25:5-68
32-->[com.google.android.gms:play-services-measurement-sdk-api:17.5.0] AndroidManifest.xml:25:22-65
33    <uses-permission android:name="android.permission.RECEIVE_BOOT_COMPLETED" />
33-->[androidx.work:work-runtime:2.1.0] AndroidManifest.xml:27:5-81
33-->[androidx.work:work-runtime:2.1.0] AndroidManifest.xml:27:22-78
34
35    <application
35-->src\main\AndroidManifest.xml:3:4-37:19
36        android:appComponentFactory="androidx.core.app.CoreComponentFactory"
36-->[androidx.core:core:1.6.0] AndroidManifest.xml:24:18-86
37        android:icon="@drawable/ic_launcher"
37-->src\main\AndroidManifest.xml:5:9-45
38        android:label="Metanoia" >
38-->src\main\AndroidManifest.xml:4:9-33
39        <activity
39-->src\main\AndroidManifest.xml:6:9-28:20
40            android:name="com.julesndanga.Metanoia.MainActivity"
40-->src\main\AndroidManifest.xml:7:13-41
41            android:configChanges="orientation|keyboardHidden|keyboard|screenSize|smallestScreenSize|locale|layoutDirection|fontScale|screenLayout|density|uiMode"
41-->src\main\AndroidManifest.xml:10:13-163
42            android:hardwareAccelerated="true"
42-->src\main\AndroidManifest.xml:11:13-47
43            android:launchMode="singleTop"
43-->src\main\AndroidManifest.xml:8:13-43
44            android:theme="@style/LaunchTheme"
44-->src\main\AndroidManifest.xml:9:13-47
45            android:windowSoftInputMode="adjustResize" >
45-->src\main\AndroidManifest.xml:12:13-55
46
47            <!--
48                 Specifies an Android theme to apply to this Activity as soon as
49                 the Android process has started. This theme is visible to the user
50                 while the Flutter UI initializes. After that, this theme continues
51                 to determine the Window background behind the Flutter UI.
52            -->
53
54
55            <!--
56                 Displays an Android View that continues showing the launch screen
57                 Drawable until Flutter paints its first frame, then this splash
58                 screen fades out. A splash screen is useful to avoid any visual
59                 gap between the end of Android's launch screen and the painting of
60                 Flutter's first frame.
61            -->
62
63            <intent-filter>
63-->src\main\AndroidManifest.xml:24:13-27:29
64                <action android:name="android.intent.action.MAIN" />
64-->src\main\AndroidManifest.xml:25:17-68
64-->src\main\AndroidManifest.xml:25:25-66
65
66                <category android:name="android.intent.category.LAUNCHER" />
66-->src\main\AndroidManifest.xml:26:17-76
66-->src\main\AndroidManifest.xml:26:27-74
67            </intent-filter>
68        </activity>
69        <!--
70             Don't delete the meta-data below.
71             This is used by the Flutter tool to generate GeneratedPluginRegistrant.java
72        -->
73        <meta-data
73-->src\main\AndroidManifest.xml:31:9-33:33
74            android:name="flutterEmbedding"
74-->src\main\AndroidManifest.xml:32:13-44
75            android:value="2" />
75-->src\main\AndroidManifest.xml:33:13-30
76        <meta-data
76-->src\main\AndroidManifest.xml:34:9-36:69
77            android:name="com.google.android.gms.ads.APPLICATION_ID"
77-->src\main\AndroidManifest.xml:35:13-69
78            android:value="ca-app-pub-3940256099942544~3347511713" />
78-->src\main\AndroidManifest.xml:36:13-67
79        <meta-data
79-->[:google_mobile_ads] AndroidManifest.xml:10:9-12:36
80            android:name="io.flutter.embedded_views_preview"
80-->[:google_mobile_ads] AndroidManifest.xml:11:13-61
81            android:value="true" />
81-->[:google_mobile_ads] AndroidManifest.xml:12:13-33
82
83        <provider
83-->[:share] AndroidManifest.xml:8:9-16:20
84            android:name="io.flutter.plugins.share.ShareFileProvider"
84-->[:share] AndroidManifest.xml:9:13-70
85            android:authorities="com.julesndanga.Metanoia.flutter.share_provider"
85-->[:share] AndroidManifest.xml:10:13-74
86            android:exported="false"
86-->[:share] AndroidManifest.xml:11:13-37
87            android:grantUriPermissions="true" >
87-->[:share] AndroidManifest.xml:12:13-47
88            <meta-data
88-->[:share] AndroidManifest.xml:13:13-15:68
89                android:name="android.support.FILE_PROVIDER_PATHS"
89-->[:share] AndroidManifest.xml:14:17-67
90                android:resource="@xml/flutter_share_file_paths" />
90-->[:share] AndroidManifest.xml:15:17-65
91        </provider> <!-- Include the AdActivity and InAppPurchaseActivity configChanges and themes. -->
92        <activity
92-->[com.google.android.gms:play-services-ads-lite:19.7.0] AndroidManifest.xml:48:9-52:64
93            android:name="com.google.android.gms.ads.AdActivity"
93-->[com.google.android.gms:play-services-ads-lite:19.7.0] AndroidManifest.xml:49:13-65
94            android:configChanges="keyboard|keyboardHidden|orientation|screenLayout|uiMode|screenSize|smallestScreenSize"
94-->[com.google.android.gms:play-services-ads-lite:19.7.0] AndroidManifest.xml:50:13-122
95            android:exported="false"
95-->[com.google.android.gms:play-services-ads-lite:19.7.0] AndroidManifest.xml:51:13-37
96            android:theme="@android:style/Theme.Translucent" />
96-->[com.google.android.gms:play-services-ads-lite:19.7.0] AndroidManifest.xml:52:13-61
97
98        <provider
98-->[com.google.android.gms:play-services-ads-lite:19.7.0] AndroidManifest.xml:54:9-58:39
99            android:name="com.google.android.gms.ads.MobileAdsInitProvider"
99-->[com.google.android.gms:play-services-ads-lite:19.7.0] AndroidManifest.xml:55:13-76
100            android:authorities="com.julesndanga.Metanoia.mobileadsinitprovider"
100-->[com.google.android.gms:play-services-ads-lite:19.7.0] AndroidManifest.xml:56:13-73
101            android:exported="false"
101-->[com.google.android.gms:play-services-ads-lite:19.7.0] AndroidManifest.xml:57:13-37
102            android:initOrder="100" />
102-->[com.google.android.gms:play-services-ads-lite:19.7.0] AndroidManifest.xml:58:13-36
103
104        <service
104-->[com.google.android.gms:play-services-ads-lite:19.7.0] AndroidManifest.xml:60:9-63:40
105            android:name="com.google.android.gms.ads.AdService"
105-->[com.google.android.gms:play-services-ads-lite:19.7.0] AndroidManifest.xml:61:13-64
106            android:enabled="true"
106-->[com.google.android.gms:play-services-ads-lite:19.7.0] AndroidManifest.xml:62:13-35
107            android:exported="false" />
107-->[com.google.android.gms:play-services-ads-lite:19.7.0] AndroidManifest.xml:63:13-37
108
109        <meta-data
109-->[com.google.android.gms:play-services-basement:17.3.0] AndroidManifest.xml:23:9-25:69
110            android:name="com.google.android.gms.version"
110-->[com.google.android.gms:play-services-basement:17.3.0] AndroidManifest.xml:24:13-58
111            android:value="@integer/google_play_services_version" />
111-->[com.google.android.gms:play-services-basement:17.3.0] AndroidManifest.xml:25:13-66
112
113        <provider
113-->[androidx.work:work-runtime:2.1.0] AndroidManifest.xml:30:9-36:35
114            android:name="androidx.work.impl.WorkManagerInitializer"
114-->[androidx.work:work-runtime:2.1.0] AndroidManifest.xml:31:13-69
115            android:authorities="com.julesndanga.Metanoia.workmanager-init"
115-->[androidx.work:work-runtime:2.1.0] AndroidManifest.xml:32:13-68
116            android:directBootAware="false"
116-->[androidx.work:work-runtime:2.1.0] AndroidManifest.xml:33:13-44
117            android:exported="false"
117-->[androidx.work:work-runtime:2.1.0] AndroidManifest.xml:34:13-37
118            android:multiprocess="true" />
118-->[androidx.work:work-runtime:2.1.0] AndroidManifest.xml:35:13-40
119
120        <service
120-->[androidx.work:work-runtime:2.1.0] AndroidManifest.xml:38:9-43:35
121            android:name="androidx.work.impl.background.systemalarm.SystemAlarmService"
121-->[androidx.work:work-runtime:2.1.0] AndroidManifest.xml:39:13-88
122            android:directBootAware="false"
122-->[androidx.work:work-runtime:2.1.0] AndroidManifest.xml:40:13-44
123            android:enabled="@bool/enable_system_alarm_service_default"
123-->[androidx.work:work-runtime:2.1.0] AndroidManifest.xml:41:13-72
124            android:exported="false" />
124-->[androidx.work:work-runtime:2.1.0] AndroidManifest.xml:42:13-37
125        <service
125-->[androidx.work:work-runtime:2.1.0] AndroidManifest.xml:44:9-50:35
126            android:name="androidx.work.impl.background.systemjob.SystemJobService"
126-->[androidx.work:work-runtime:2.1.0] AndroidManifest.xml:45:13-84
127            android:directBootAware="false"
127-->[androidx.work:work-runtime:2.1.0] AndroidManifest.xml:46:13-44
128            android:enabled="@bool/enable_system_job_service_default"
128-->[androidx.work:work-runtime:2.1.0] AndroidManifest.xml:47:13-70
129            android:exported="true"
129-->[androidx.work:work-runtime:2.1.0] AndroidManifest.xml:48:13-36
130            android:permission="android.permission.BIND_JOB_SERVICE" />
130-->[androidx.work:work-runtime:2.1.0] AndroidManifest.xml:49:13-69
131
132        <receiver
132-->[androidx.work:work-runtime:2.1.0] AndroidManifest.xml:52:9-57:35
133            android:name="androidx.work.impl.utils.ForceStopRunnable$BroadcastReceiver"
133-->[androidx.work:work-runtime:2.1.0] AndroidManifest.xml:53:13-88
134            android:directBootAware="false"
134-->[androidx.work:work-runtime:2.1.0] AndroidManifest.xml:54:13-44
135            android:enabled="true"
135-->[androidx.work:work-runtime:2.1.0] AndroidManifest.xml:55:13-35
136            android:exported="false" />
136-->[androidx.work:work-runtime:2.1.0] AndroidManifest.xml:56:13-37
137        <receiver
137-->[androidx.work:work-runtime:2.1.0] AndroidManifest.xml:58:9-68:20
138            android:name="androidx.work.impl.background.systemalarm.ConstraintProxy$BatteryChargingProxy"
138-->[androidx.work:work-runtime:2.1.0] AndroidManifest.xml:59:13-106
139            android:directBootAware="false"
139-->[androidx.work:work-runtime:2.1.0] AndroidManifest.xml:60:13-44
140            android:enabled="false"
140-->[androidx.work:work-runtime:2.1.0] AndroidManifest.xml:61:13-36
141            android:exported="false" >
141-->[androidx.work:work-runtime:2.1.0] AndroidManifest.xml:62:13-37
142            <intent-filter>
142-->[androidx.work:work-runtime:2.1.0] AndroidManifest.xml:64:13-67:29
143                <action android:name="android.intent.action.ACTION_POWER_CONNECTED" />
143-->[androidx.work:work-runtime:2.1.0] AndroidManifest.xml:65:17-87
143-->[androidx.work:work-runtime:2.1.0] AndroidManifest.xml:65:25-84
144                <action android:name="android.intent.action.ACTION_POWER_DISCONNECTED" />
144-->[androidx.work:work-runtime:2.1.0] AndroidManifest.xml:66:17-90
144-->[androidx.work:work-runtime:2.1.0] AndroidManifest.xml:66:25-87
145            </intent-filter>
146        </receiver>
147        <receiver
147-->[androidx.work:work-runtime:2.1.0] AndroidManifest.xml:69:9-79:20
148            android:name="androidx.work.impl.background.systemalarm.ConstraintProxy$BatteryNotLowProxy"
148-->[androidx.work:work-runtime:2.1.0] AndroidManifest.xml:70:13-104
149            android:directBootAware="false"
149-->[androidx.work:work-runtime:2.1.0] AndroidManifest.xml:71:13-44
150            android:enabled="false"
150-->[androidx.work:work-runtime:2.1.0] AndroidManifest.xml:72:13-36
151            android:exported="false" >
151-->[androidx.work:work-runtime:2.1.0] AndroidManifest.xml:73:13-37
152            <intent-filter>
152-->[androidx.work:work-runtime:2.1.0] AndroidManifest.xml:75:13-78:29
153                <action android:name="android.intent.action.BATTERY_OKAY" />
153-->[androidx.work:work-runtime:2.1.0] AndroidManifest.xml:76:17-77
153-->[androidx.work:work-runtime:2.1.0] AndroidManifest.xml:76:25-74
154                <action android:name="android.intent.action.BATTERY_LOW" />
154-->[androidx.work:work-runtime:2.1.0] AndroidManifest.xml:77:17-76
154-->[androidx.work:work-runtime:2.1.0] AndroidManifest.xml:77:25-73
155            </intent-filter>
156        </receiver>
157        <receiver
157-->[androidx.work:work-runtime:2.1.0] AndroidManifest.xml:80:9-90:20
158            android:name="androidx.work.impl.background.systemalarm.ConstraintProxy$StorageNotLowProxy"
158-->[androidx.work:work-runtime:2.1.0] AndroidManifest.xml:81:13-104
159            android:directBootAware="false"
159-->[androidx.work:work-runtime:2.1.0] AndroidManifest.xml:82:13-44
160            android:enabled="false"
160-->[androidx.work:work-runtime:2.1.0] AndroidManifest.xml:83:13-36
161            android:exported="false" >
161-->[androidx.work:work-runtime:2.1.0] AndroidManifest.xml:84:13-37
162            <intent-filter>
162-->[androidx.work:work-runtime:2.1.0] AndroidManifest.xml:86:13-89:29
163                <action android:name="android.intent.action.DEVICE_STORAGE_LOW" />
163-->[androidx.work:work-runtime:2.1.0] AndroidManifest.xml:87:17-83
163-->[androidx.work:work-runtime:2.1.0] AndroidManifest.xml:87:25-80
164                <action android:name="android.intent.action.DEVICE_STORAGE_OK" />
164-->[androidx.work:work-runtime:2.1.0] AndroidManifest.xml:88:17-82
164-->[androidx.work:work-runtime:2.1.0] AndroidManifest.xml:88:25-79
165            </intent-filter>
166        </receiver>
167        <receiver
167-->[androidx.work:work-runtime:2.1.0] AndroidManifest.xml:91:9-100:20
168            android:name="androidx.work.impl.background.systemalarm.ConstraintProxy$NetworkStateProxy"
168-->[androidx.work:work-runtime:2.1.0] AndroidManifest.xml:92:13-103
169            android:directBootAware="false"
169-->[androidx.work:work-runtime:2.1.0] AndroidManifest.xml:93:13-44
170            android:enabled="false"
170-->[androidx.work:work-runtime:2.1.0] AndroidManifest.xml:94:13-36
171            android:exported="false" >
171-->[androidx.work:work-runtime:2.1.0] AndroidManifest.xml:95:13-37
172            <intent-filter>
172-->[androidx.work:work-runtime:2.1.0] AndroidManifest.xml:97:13-99:29
173                <action android:name="android.net.conn.CONNECTIVITY_CHANGE" />
173-->[androidx.work:work-runtime:2.1.0] AndroidManifest.xml:98:17-79
173-->[androidx.work:work-runtime:2.1.0] AndroidManifest.xml:98:25-76
174            </intent-filter>
175        </receiver>
176        <receiver
176-->[androidx.work:work-runtime:2.1.0] AndroidManifest.xml:101:9-112:20
177            android:name="androidx.work.impl.background.systemalarm.RescheduleReceiver"
177-->[androidx.work:work-runtime:2.1.0] AndroidManifest.xml:102:13-88
178            android:directBootAware="false"
178-->[androidx.work:work-runtime:2.1.0] AndroidManifest.xml:103:13-44
179            android:enabled="false"
179-->[androidx.work:work-runtime:2.1.0] AndroidManifest.xml:104:13-36
180            android:exported="false" >
180-->[androidx.work:work-runtime:2.1.0] AndroidManifest.xml:105:13-37
181            <intent-filter>
181-->[androidx.work:work-runtime:2.1.0] AndroidManifest.xml:107:13-111:29
182                <action android:name="android.intent.action.BOOT_COMPLETED" />
182-->[androidx.work:work-runtime:2.1.0] AndroidManifest.xml:108:17-79
182-->[androidx.work:work-runtime:2.1.0] AndroidManifest.xml:108:25-76
183                <action android:name="android.intent.action.TIME_SET" />
183-->[androidx.work:work-runtime:2.1.0] AndroidManifest.xml:109:17-73
183-->[androidx.work:work-runtime:2.1.0] AndroidManifest.xml:109:25-70
184                <action android:name="android.intent.action.TIMEZONE_CHANGED" />
184-->[androidx.work:work-runtime:2.1.0] AndroidManifest.xml:110:17-81
184-->[androidx.work:work-runtime:2.1.0] AndroidManifest.xml:110:25-78
185            </intent-filter>
186        </receiver>
187        <receiver
187-->[androidx.work:work-runtime:2.1.0] AndroidManifest.xml:113:9-122:20
188            android:name="androidx.work.impl.background.systemalarm.ConstraintProxyUpdateReceiver"
188-->[androidx.work:work-runtime:2.1.0] AndroidManifest.xml:114:13-99
189            android:directBootAware="false"
189-->[androidx.work:work-runtime:2.1.0] AndroidManifest.xml:115:13-44
190            android:enabled="@bool/enable_system_alarm_service_default"
190-->[androidx.work:work-runtime:2.1.0] AndroidManifest.xml:116:13-72
191            android:exported="false" >
191-->[androidx.work:work-runtime:2.1.0] AndroidManifest.xml:117:13-37
192            <intent-filter>
192-->[androidx.work:work-runtime:2.1.0] AndroidManifest.xml:119:13-121:29
193                <action android:name="androidx.work.impl.background.systemalarm.UpdateProxies" />
193-->[androidx.work:work-runtime:2.1.0] AndroidManifest.xml:120:17-98
193-->[androidx.work:work-runtime:2.1.0] AndroidManifest.xml:120:25-95
194            </intent-filter>
195        </receiver>
196
197        <service
197-->[androidx.room:room-runtime:2.1.0] AndroidManifest.xml:25:9-27:40
198            android:name="androidx.room.MultiInstanceInvalidationService"
198-->[androidx.room:room-runtime:2.1.0] AndroidManifest.xml:26:13-74
199            android:exported="false" />
199-->[androidx.room:room-runtime:2.1.0] AndroidManifest.xml:27:13-37
200    </application>
201
202</manifest>